<?xml version="1.0" encoding="UTF-8"?>
<!-- Generated by org.testng.reporters.JUnitReportReporter -->
<testsuite skipped="0" hostname="DESKTOP-F1SV1LL" name="com.ecvictor.testng.nebula.ChineseSimpleTest" tests="1" failures="0" timestamp="10 Apr 2018 13:57:54 GMT" time="145.081" errors="0">
  <testcase name="testPage_ChS" time="145.081" classname="com.ecvictor.testng.nebula.ChineseSimpleTest"/>
</testsuite> <!-- com.ecvictor.testng.nebula.ChineseSimpleTest -->
