<?xml version="1.0" encoding="UTF-8"?>
<!-- Generated by org.testng.reporters.JUnitReportReporter -->
<testsuite skipped="0" hostname="DESKTOP-F1SV1LL" name="com.ecvictor.testng.nebula.EnglishTest" tests="1" failures="0" timestamp="10 Apr 2018 13:57:54 GMT" time="133.654" errors="0">
  <testcase name="tesPage_En" time="133.654" classname="com.ecvictor.testng.nebula.EnglishTest"/>
</testsuite> <!-- com.ecvictor.testng.nebula.EnglishTest -->
